[INFO] Scanning for projects...
[INFO] 
[INFO] ----------------< com.staffbase:employee-record-system >----------------
[INFO] Building employee-record-system 0.0.1-SNAPSHOT
[INFO]   from pom.xml
[INFO] --------------------------------[ jar ]---------------------------------
[INFO] 
[INFO] >>> spring-boot:3.5.10:run (default-cli) > test-compile @ employee-record-system >>>
[INFO] 
[INFO] --- resources:3.3.1:resources (default-resources) @ employee-record-system ---
[INFO] Copying 1 resource from src\main\resources to target\classes
[INFO] Copying 0 resource from src\main\resources to target\classes
[INFO] 
[INFO] --- compiler:3.14.1:compile (default-compile) @ employee-record-system ---
[INFO] Nothing to compile - all classes are up to date.
[INFO] 
[INFO] --- resources:3.3.1:testResources (default-testResources) @ employee-record-system ---
[INFO] skip non existing resourceDirectory E:\Employee Record System UI Design\Backend\employee-record-system\src\test\resources
[INFO] 
[INFO] --- compiler:3.14.1:testCompile (default-testCompile) @ employee-record-system ---
[INFO] Nothing to compile - all classes are up to date.
[INFO] 
[INFO] <<< spring-boot:3.5.10:run (default-cli) < test-compile @ employee-record-system <<<
[INFO] 
[INFO] 
[INFO] --- spring-boot:3.5.10:run (default-cli) @ employee-record-system ---
[INFO] Attaching agents: []

  .   ____          _            __ _ _
 /\\ / ___'_ __ _ _(_)_ __  __ _ \ \ \ \
( ( )\___ | '_ | '_| | '_ \/ _` | \ \ \ \
 \\/  ___)| |_)| | | | | || (_| |  ) ) ) )
  '  |____| .__|_| |_|_| |_\__, | / / / /
 =========|_|==============|___/=/_/_/_/

 :: Spring Boot ::               (v3.5.10)

2026-02-18T13:58:55.226Z  INFO 3400 --- [employee-record-system] [           main] c.s.e.EmployeeRecordSystemApplication    : Starting EmployeeRecordSystemApplication using Java 25.0.1 with PID 3400 (E:\Employee Record System UI Design\Backend\employee-record-system\target\classes started by RATHAN in E:\Employee Record System UI Design\Backend\employee-record-system)
2026-02-18T13:58:55.228Z  INFO 3400 --- [employee-record-system] [           main] c.s.e.EmployeeRecordSystemApplication    : No active profile set, falling back to 1 default profile: "default"
2026-02-18T13:58:55.953Z  INFO 3400 --- [employee-record-system] [           main] .s.d.r.c.RepositoryConfigurationDelegate : Multiple Spring Data modules found, entering strict repository configuration mode
2026-02-18T13:58:55.955Z  INFO 3400 --- [employee-record-system] [           main] .s.d.r.c.RepositoryConfigurationDelegate : Bootstrapping Spring Data JPA repositories in DEFAULT mode.
2026-02-18T13:58:56.077Z  INFO 3400 --- [employee-record-system] [           main] .RepositoryConfigurationExtensionSupport : Spring Data JPA - Could not safely identify store assignment for repository candidate interface com.staffbase.employee_record_system.repository.DocumentRepository; If you want this repository to be a JPA repository, consider annotating your entities with one of these annotations: jakarta.persistence.Entity, jakarta.persistence.MappedSuperclass (preferred), or consider extending one of the following types with your repository: org.springframework.data.jpa.repository.JpaRepository
2026-02-18T13:58:56.117Z  INFO 3400 --- [employee-record-system] [           main] .s.d.r.c.RepositoryConfigurationDelegate : Finished Spring Data repository scanning in 157 ms. Found 14 JPA repository interfaces.
2026-02-18T13:58:56.146Z  INFO 3400 --- [employee-record-system] [           main] .s.d.r.c.RepositoryConfigurationDelegate : Multiple Spring Data modules found, entering strict repository configuration mode
2026-02-18T13:58:56.146Z  INFO 3400 --- [employee-record-system] [           main] .s.d.r.c.RepositoryConfigurationDelegate : Bootstrapping Spring Data MongoDB repositories in DEFAULT mode.
2026-02-18T13:58:56.152Z  INFO 3400 --- [employee-record-system] [           main] .RepositoryConfigurationExtensionSupport : Spring Data MongoDB - Could not safely identify store assignment for repository candidate interface com.staffbase.employee_record_system.repository.AttendanceRepository; If you want this repository to be a MongoDB repository, consider annotating your entities with one of these annotations: org.springframework.data.mongodb.core.mapping.Document (preferred), or consider extending one of the following types with your repository: org.springframework.data.mongodb.repository.MongoRepository
2026-02-18T13:58:56.153Z  INFO 3400 --- [employee-record-system] [           main] .RepositoryConfigurationExtensionSupport : Spring Data MongoDB - Could not safely identify store assignment for repository candidate interface com.staffbase.employee_record_system.repository.AuditLogRepository; If you want this repository to be a MongoDB repository, consider annotating your entities with one of these annotations: org.springframework.data.mongodb.core.mapping.Document (preferred), or consider extending one of the following types with your repository: org.springframework.data.mongodb.repository.MongoRepository
2026-02-18T13:58:56.153Z  INFO 3400 --- [employee-record-system] [           main] .RepositoryConfigurationExtensionSupport : Spring Data MongoDB - Could not safely identify store assignment for repository candidate interface com.staffbase.employee_record_system.repository.DepartmentRepository; If you want this repository to be a MongoDB repository, consider annotating your entities with one of these annotations: org.springframework.data.mongodb.core.mapping.Document (preferred), or consider extending one of the following types with your repository: org.springframework.data.mongodb.repository.MongoRepository
2026-02-18T13:58:56.153Z  INFO 3400 --- [employee-record-system] [           main] .RepositoryConfigurationExtensionSupport : Spring Data MongoDB - Could not safely identify store assignment for repository candidate interface com.staffbase.employee_record_system.repository.EmployeeRepository; If you want this repository to be a MongoDB repository, consider annotating your entities with one of these annotations: org.springframework.data.mongodb.core.mapping.Document (preferred), or consider extending one of the following types with your repository: org.springframework.data.mongodb.repository.MongoRepository
2026-02-18T13:58:56.154Z  INFO 3400 --- [employee-record-system] [           main] .RepositoryConfigurationExtensionSupport : Spring Data MongoDB - Could not safely identify store assignment for repository candidate interface com.staffbase.employee_record_system.repository.GoalRepository; If you want this repository to be a MongoDB repository, consider annotating your entities with one of these annotations: org.springframework.data.mongodb.core.mapping.Document (preferred), or consider extending one of the following types with your repository: org.springframework.data.mongodb.repository.MongoRepository
2026-02-18T13:58:56.155Z  INFO 3400 --- [employee-record-system] [           main] .RepositoryConfigurationExtensionSupport : Spring Data MongoDB - Could not safely identify store assignment for repository candidate interface com.staffbase.employee_record_system.repository.LeaveBalanceRepository; If you want this repository to be a MongoDB repository, consider annotating your entities with one of these annotations: org.springframework.data.mongodb.core.mapping.Document (preferred), or consider extending one of the following types with your repository: org.springframework.data.mongodb.repository.MongoRepository
2026-02-18T13:58:56.155Z  INFO 3400 --- [employee-record-system] [           main] .RepositoryConfigurationExtensionSupport : Spring Data MongoDB - Could not safely identify store assignment for repository candidate interface com.staffbase.employee_record_system.repository.LeaveRequestRepository; If you want this repository to be a MongoDB repository, consider annotating your entities with one of these annotations: org.springframework.data.mongodb.core.mapping.Document (preferred), or consider extending one of the following types with your repository: org.springframework.data.mongodb.repository.MongoRepository
2026-02-18T13:58:56.155Z  INFO 3400 --- [employee-record-system] [           main] .RepositoryConfigurationExtensionSupport : Spring Data MongoDB - Could not safely identify store assignment for repository candidate interface com.staffbase.employee_record_system.repository.PasswordResetTokenRepository; If you want this repository to be a MongoDB repository, consider annotating your entities with one of these annotations: org.springframework.data.mongodb.core.mapping.Document (preferred), or consider extending one of the following types with your repository: org.springframework.data.mongodb.repository.MongoRepository
2026-02-18T13:58:56.155Z  INFO 3400 --- [employee-record-system] [           main] .RepositoryConfigurationExtensionSupport : Spring Data MongoDB - Could not safely identify store assignment for repository candidate interface com.staffbase.employee_record_system.repository.PaymentRepository; If you want this repository to be a MongoDB repository, consider annotating your entities with one of these annotations: org.springframework.data.mongodb.core.mapping.Document (preferred), or consider extending one of the following types with your repository: org.springframework.data.mongodb.repository.MongoRepository
2026-02-18T13:58:56.155Z  INFO 3400 --- [employee-record-system] [           main] .RepositoryConfigurationExtensionSupport : Spring Data MongoDB - Could not safely identify store assignment for repository candidate interface com.staffbase.employee_record_system.repository.PayrollRepository; If you want this repository to be a MongoDB repository, consider annotating your entities with one of these annotations: org.springframework.data.mongodb.core.mapping.Document (preferred), or consider extending one of the following types with your repository: org.springframework.data.mongodb.repository.MongoRepository
2026-02-18T13:58:56.155Z  INFO 3400 --- [employee-record-system] [           main] .RepositoryConfigurationExtensionSupport : Spring Data MongoDB - Could not safely identify store assignment for repository candidate interface com.staffbase.employee_record_system.repository.PerformanceReviewRepository; If you want this repository to be a MongoDB repository, consider annotating your entities with one of these annotations: org.springframework.data.mongodb.core.mapping.Document (preferred), or consider extending one of the following types with your repository: org.springframework.data.mongodb.repository.MongoRepository
2026-02-18T13:58:56.155Z  INFO 3400 --- [employee-record-system] [           main] .RepositoryConfigurationExtensionSupport : Spring Data MongoDB - Could not safely identify store assignment for repository candidate interface com.staffbase.employee_record_system.repository.RefreshTokenRepository; If you want this repository to be a MongoDB repository, consider annotating your entities with one of these annotations: org.springframework.data.mongodb.core.mapping.Document (preferred), or consider extending one of the following types with your repository: org.springframework.data.mongodb.repository.MongoRepository
2026-02-18T13:58:56.155Z  INFO 3400 --- [employee-record-system] [           main] .RepositoryConfigurationExtensionSupport : Spring Data MongoDB - Could not safely identify store assignment for repository candidate interface com.staffbase.employee_record_system.repository.SalaryRecordRepository; If you want this repository to be a MongoDB repository, consider annotating your entities with one of these annotations: org.springframework.data.mongodb.core.mapping.Document (preferred), or consider extending one of the following types with your repository: org.springframework.data.mongodb.repository.MongoRepository
2026-02-18T13:58:56.155Z  INFO 3400 --- [employee-record-system] [           main] .RepositoryConfigurationExtensionSupport : Spring Data MongoDB - Could not safely identify store assignment for repository candidate interface com.staffbase.employee_record_system.repository.UserRepository; If you want this repository to be a MongoDB repository, consider annotating your entities with one of these annotations: org.springframework.data.mongodb.core.mapping.Document (preferred), or consider extending one of the following types with your repository: org.springframework.data.mongodb.repository.MongoRepository
2026-02-18T13:58:56.158Z  INFO 3400 --- [employee-record-system] [           main] .s.d.r.c.RepositoryConfigurationDelegate : Finished Spring Data repository scanning in 12 ms. Found 1 MongoDB repository interface.
2026-02-18T13:58:56.169Z  INFO 3400 --- [employee-record-system] [           main] .s.d.r.c.RepositoryConfigurationDelegate : Multiple Spring Data modules found, entering strict repository configuration mode
2026-02-18T13:58:56.171Z  INFO 3400 --- [employee-record-system] [           main] .s.d.r.c.RepositoryConfigurationDelegate : Bootstrapping Spring Data Redis repositories in DEFAULT mode.
2026-02-18T13:58:56.181Z  INFO 3400 --- [employee-record-system] [           main] .RepositoryConfigurationExtensionSupport : Spring Data Redis - Could not safely identify store assignment for repository candidate interface com.staffbase.employee_record_system.repository.AttendanceRepository; If you want this repository to be a Redis repository, consider annotating your entities with one of these annotations: org.springframework.data.redis.core.RedisHash (preferred), or consider extending one of the following types with your repository: org.springframework.data.keyvalue.repository.KeyValueRepository
2026-02-18T13:58:56.182Z  INFO 3400 --- [employee-record-system] [           main] .RepositoryConfigurationExtensionSupport : Spring Data Redis - Could not safely identify store assignment for repository candidate interface com.staffbase.employee_record_system.repository.AuditLogRepository; If you want this repository to be a Redis repository, consider annotating your entities with one of these annotations: org.springframework.data.redis.core.RedisHash (preferred), or consider extending one of the following types with your repository: org.springframework.data.keyvalue.repository.KeyValueRepository
2026-02-18T13:58:56.182Z  INFO 3400 --- [employee-record-system] [           main] .RepositoryConfigurationExtensionSupport : Spring Data Redis - Could not safely identify store assignment for repository candidate interface com.staffbase.employee_record_system.repository.DepartmentRepository; If you want this repository to be a Redis repository, consider annotating your entities with one of these annotations: org.springframework.data.redis.core.RedisHash (preferred), or consider extending one of the following types with your repository: org.springframework.data.keyvalue.repository.KeyValueRepository
2026-02-18T13:58:56.182Z  INFO 3400 --- [employee-record-system] [           main] .RepositoryConfigurationExtensionSupport : Spring Data Redis - Could not safely identify store assignment for repository candidate interface com.staffbase.employee_record_system.repository.DocumentRepository; If you want this repository to be a Redis repository, consider annotating your entities with one of these annotations: org.springframework.data.redis.core.RedisHash (preferred), or consider extending one of the following types with your repository: org.springframework.data.keyvalue.repository.KeyValueRepository
2026-02-18T13:58:56.182Z  INFO 3400 --- [employee-record-system] [           main] .RepositoryConfigurationExtensionSupport : Spring Data Redis - Could not safely identify store assignment for repository candidate interface com.staffbase.employee_record_system.repository.EmployeeRepository; If you want this repository to be a Redis repository, consider annotating your entities with one of these annotations: org.springframework.data.redis.core.RedisHash (preferred), or consider extending one of the following types with your repository: org.springframework.data.keyvalue.repository.KeyValueRepository
2026-02-18T13:58:56.183Z  INFO 3400 --- [employee-record-system] [           main] .RepositoryConfigurationExtensionSupport : Spring Data Redis - Could not safely identify store assignment for repository candidate interface com.staffbase.employee_record_system.repository.GoalRepository; If you want this repository to be a Redis repository, consider annotating your entities with one of these annotations: org.springframework.data.redis.core.RedisHash (preferred), or consider extending one of the following types with your repository: org.springframework.data.keyvalue.repository.KeyValueRepository
2026-02-18T13:58:56.183Z  INFO 3400 --- [employee-record-system] [           main] .RepositoryConfigurationExtensionSupport : Spring Data Redis - Could not safely identify store assignment for repository candidate interface com.staffbase.employee_record_system.repository.LeaveBalanceRepository; If you want this repository to be a Redis repository, consider annotating your entities with one of these annotations: org.springframework.data.redis.core.RedisHash (preferred), or consider extending one of the following types with your repository: org.springframework.data.keyvalue.repository.KeyValueRepository
2026-02-18T13:58:56.183Z  INFO 3400 --- [employee-record-system] [           main] .RepositoryConfigurationExtensionSupport : Spring Data Redis - Could not safely identify store assignment for repository candidate interface com.staffbase.employee_record_system.repository.LeaveRequestRepository; If you want this repository to be a Redis repository, consider annotating your entities with one of these annotations: org.springframework.data.redis.core.RedisHash (preferred), or consider extending one of the following types with your repository: org.springframework.data.keyvalue.repository.KeyValueRepository
2026-02-18T13:58:56.184Z  INFO 3400 --- [employee-record-system] [           main] .RepositoryConfigurationExtensionSupport : Spring Data Redis - Could not safely identify store assignment for repository candidate interface com.staffbase.employee_record_system.repository.PasswordResetTokenRepository; If you want this repository to be a Redis repository, consider annotating your entities with one of these annotations: org.springframework.data.redis.core.RedisHash (preferred), or consider extending one of the following types with your repository: org.springframework.data.keyvalue.repository.KeyValueRepository
2026-02-18T13:58:56.184Z  INFO 3400 --- [employee-record-system] [           main] .RepositoryConfigurationExtensionSupport : Spring Data Redis - Could not safely identify store assignment for repository candidate interface com.staffbase.employee_record_system.repository.PaymentRepository; If you want this repository to be a Redis repository, consider annotating your entities with one of these annotations: org.springframework.data.redis.core.RedisHash (preferred), or consider extending one of the following types with your repository: org.springframework.data.keyvalue.repository.KeyValueRepository
2026-02-18T13:58:56.184Z  INFO 3400 --- [employee-record-system] [           main] .RepositoryConfigurationExtensionSupport : Spring Data Redis - Could not safely identify store assignment for repository candidate interface com.staffbase.employee_record_system.repository.PayrollRepository; If you want this repository to be a Redis repository, consider annotating your entities with one of these annotations: org.springframework.data.redis.core.RedisHash (preferred), or consider extending one of the following types with your repository: org.springframework.data.keyvalue.repository.KeyValueRepository
2026-02-18T13:58:56.184Z  INFO 3400 --- [employee-record-system] [           main] .RepositoryConfigurationExtensionSupport : Spring Data Redis - Could not safely identify store assignment for repository candidate interface com.staffbase.employee_record_system.repository.PerformanceReviewRepository; If you want this repository to be a Redis repository, consider annotating your entities with one of these annotations: org.springframework.data.redis.core.RedisHash (preferred), or consider extending one of the following types with your repository: org.springframework.data.keyvalue.repository.KeyValueRepository
2026-02-18T13:58:56.185Z  INFO 3400 --- [employee-record-system] [           main] .RepositoryConfigurationExtensionSupport : Spring Data Redis - Could not safely identify store assignment for repository candidate interface com.staffbase.employee_record_system.repository.RefreshTokenRepository; If you want this repository to be a Redis repository, consider annotating your entities with one of these annotations: org.springframework.data.redis.core.RedisHash (preferred), or consider extending one of the following types with your repository: org.springframework.data.keyvalue.repository.KeyValueRepository
2026-02-18T13:58:56.185Z  INFO 3400 --- [employee-record-system] [           main] .RepositoryConfigurationExtensionSupport : Spring Data Redis - Could not safely identify store assignment for repository candidate interface com.staffbase.employee_record_system.repository.SalaryRecordRepository; If you want this repository to be a Redis repository, consider annotating your entities with one of these annotations: org.springframework.data.redis.core.RedisHash (preferred), or consider extending one of the following types with your repository: org.springframework.data.keyvalue.repository.KeyValueRepository
2026-02-18T13:58:56.185Z  INFO 3400 --- [employee-record-system] [           main] .RepositoryConfigurationExtensionSupport : Spring Data Redis - Could not safely identify store assignment for repository candidate interface com.staffbase.employee_record_system.repository.UserRepository; If you want this repository to be a Redis repository, consider annotating your entities with one of these annotations: org.springframework.data.redis.core.RedisHash (preferred), or consider extending one of the following types with your repository: org.springframework.data.keyvalue.repository.KeyValueRepository
2026-02-18T13:58:56.185Z  INFO 3400 --- [employee-record-system] [           main] .s.d.r.c.RepositoryConfigurationDelegate : Finished Spring Data repository scanning in 8 ms. Found 0 Redis repository interfaces.
2026-02-18T13:58:56.651Z  INFO 3400 --- [employee-record-system] [           main] o.s.b.w.embedded.tomcat.TomcatWebServer  : Tomcat initialized with port 8081 (http)
2026-02-18T13:58:56.665Z  INFO 3400 --- [employee-record-system] [           main] o.apache.catalina.core.StandardService   : Starting service [Tomcat]
2026-02-18T13:58:56.665Z  INFO 3400 --- [employee-record-system] [           main] o.apache.catalina.core.StandardEngine    : Starting Servlet engine: [Apache Tomcat/10.1.50]
2026-02-18T13:58:56.726Z  INFO 3400 --- [employee-record-system] [           main] o.a.c.c.C.[Tomcat].[localhost].[/]       : Initializing Spring embedded WebApplicationContext
2026-02-18T13:58:56.726Z  INFO 3400 --- [employee-record-system] [           main] w.s.c.ServletWebServerApplicationContext : Root WebApplicationContext: initialization completed in 1465 ms
2026-02-18T13:58:56.834Z  INFO 3400 --- [employee-record-system] [           main] o.hibernate.jpa.internal.util.LogHelper  : HHH000204: Processing PersistenceUnitInfo [name: default]
2026-02-18T13:58:56.862Z  INFO 3400 --- [employee-record-system] [           main] org.hibernate.Version                    : HHH000412: Hibernate ORM core version 6.6.41.Final
2026-02-18T13:58:56.883Z  INFO 3400 --- [employee-record-system] [           main] o.h.c.internal.RegionFactoryInitiator    : HHH000026: Second-level cache disabled
2026-02-18T13:58:57.069Z  INFO 3400 --- [employee-record-system] [           main] o.s.o.j.p.SpringPersistenceUnitInfo      : No LoadTimeWeaver setup: ignoring JPA class transformer
2026-02-18T13:58:57.088Z  INFO 3400 --- [employee-record-system] [           main] com.zaxxer.hikari.HikariDataSource       : HikariPool-1 - Starting...
2026-02-18T13:58:57.234Z  INFO 3400 --- [employee-record-system] [           main] com.zaxxer.hikari.pool.HikariPool        : HikariPool-1 - Added connection org.postgresql.jdbc.PgConnection@6b6fd0
2026-02-18T13:58:57.236Z  INFO 3400 --- [employee-record-system] [           main] com.zaxxer.hikari.HikariDataSource       : HikariPool-1 - Start completed.
2026-02-18T13:58:57.257Z  WARN 3400 --- [employee-record-system] [           main] org.hibernate.orm.deprecation            : HHH90000025: PostgreSQLDialect does not need to be specified explicitly using 'hibernate.dialect' (remove the property setting and it will be selected by default)
2026-02-18T13:58:57.275Z  INFO 3400 --- [employee-record-system] [           main] org.hibernate.orm.connections.pooling    : HHH10001005: Database info:
	Database JDBC URL [Connecting through datasource 'HikariDataSource (HikariPool-1)']
	Database driver: undefined/unknown
	Database version: 15.15
	Autocommit mode: undefined/unknown
	Isolation level: undefined/unknown
	Minimum pool size: undefined/unknown
	Maximum pool size: undefined/unknown
2026-02-18T13:58:58.230Z  INFO 3400 --- [employee-record-system] [           main] o.h.e.t.j.p.i.JtaPlatformInitiator       : HHH000489: No JTA platform available (set 'hibernate.transaction.jta.platform' to enable JTA platform integration)
Hibernate: create table attendance (id uuid not null, check_in time(6), check_out time(6), date date not null, remarks varchar(255), status varchar(255) check (status in ('PRESENT','ABSENT','LATE','ON_LEAVE','HALFDAY')), work_hours float(53), employee_id uuid not null, primary key (id))
Hibernate: create table audit_logs (id uuid not null, action varchar(255) not null, details varchar(2000), entity_id varchar(255), entity_name varchar(255), performed_by varchar(255) not null, timestamp timestamp(6) not null, primary key (id))
Hibernate: create table departments (id uuid not null, description varchar(255), name varchar(255) not null, primary key (id))
Hibernate: create table employees (id uuid not null, address varchar(255), base_salary float(53), date_of_birth date, emergency_contact_name varchar(255), emergency_contact_phone varchar(255), employment_type varchar(255) check (employment_type in ('FULL_TIME','PART_TIME','CONTRACT','INTERN','PROBATION')), first_name varchar(255) not null, gender varchar(255) check (gender in ('MALE','FEMALE','OTHER','PREFER_NOT_TO_SAY')), hire_date date, job_title varchar(255), last_name varchar(255) not null, nationality varchar(255), personal_email varchar(255), phone_number varchar(255), profile_picture_url varchar(255), deleted boolean not null, department_id uuid, manager_id uuid, user_id uuid, primary key (id))
Hibernate: comment on column employees.deleted is 'Soft-delete indicator'
Hibernate: create table leave_balances (id uuid not null, leave_type varchar(255) check (leave_type in ('SICK','CASUAL','ANNUAL','MATERNITY','PATERNITY','UNPAID')), pending integer, total_entitled integer, used integer, employee_id uuid not null, primary key (id))
Hibernate: create table leave_requests (id uuid not null, admin_remarks varchar(255), end_date date not null, leave_type varchar(255) check (leave_type in ('SICK','CASUAL','ANNUAL','MATERNITY','PATERNITY','UNPAID')), reason varchar(255) not null, start_date date not null, status varchar(255) check (status in ('PENDING','APPROVED','REJECTED','CANCELLED')), approved_by uuid, employee_id uuid not null, primary key (id))
Hibernate: create table password_reset_token (id uuid not null, expiry_date timestamp(6) not null, token varchar(255) not null, user_id uuid not null, primary key (id))
Hibernate: create table payments (id uuid not null, amount float(53), created_at timestamp(6), currency varchar(255), order_id varchar(255), payment_id varchar(255), plan_name varchar(255), signature varchar(255), status varchar(255) check (status in ('PENDING','SUCCESS','FAILED','REFUNDED')), updated_at timestamp(6), user_id uuid, primary key (id))
Hibernate: create table payroll_records (id uuid not null, base_salary float(53), deductions float(53), month varchar(255), net_pay float(53), overtime_pay float(53), pay_date date, remarks varchar(255), status varchar(255) check (status in ('PENDING','PAID','CANCELLED')), employee_id uuid not null, primary key (id))
Hibernate: create table performance_goals (id uuid not null, description varchar(255), status varchar(255) check (status in ('PENDING','IN_PROGRESS','COMPLETED','ACHIEVED','MISSED','CANCELLED','NOT_STARTED')), target_date date, title varchar(255), weightage integer, employee_id uuid not null, primary key (id))
Hibernate: create table performance_reviews (id uuid not null, communication integer, feedback TEXT, goals TEXT, overall_score float(53), period varchar(255), quality_of_work integer, reliability integer, review_date date, teamwork integer, technical_skills integer, employee_id uuid not null, reviewer_id uuid not null, primary key (id))
Hibernate: create table refresh_tokens (id bigint not null, expiry_date timestamp(6) with time zone not null, token varchar(255) not null, user_id uuid, primary key (id))
Hibernate: create table salary_records (id uuid not null, basic_salary float(53), bonus float(53), conveyance_allowance float(53), gross_salary float(53), hra float(53), income_tax float(53), medical_allowance float(53), net_salary float(53), other_deductions float(53), pay_date date, pay_period varchar(255), pf_deduction float(53), professional_tax float(53), special_allowance float(53), status varchar(255) check (status in ('PENDING','SUCCESS','FAILED','REFUNDED')), total_deductions float(53), employee_id uuid not null, primary key (id))
Hibernate: create table system_settings (id bigint generated by default as identity, description varchar(255), setting_key varchar(255) not null, setting_value varchar(255), primary key (id))
Hibernate: create table users (id uuid not null, email varchar(255) not null, password varchar(255) not null, plan varchar(255) not null check (plan in ('STARTER','GROWTH','ENTERPRISE')), role varchar(255) check (role in ('ADMIN','HR','MANAGER','EMPLOYEE')), subscription_expiry timestamp(6), username varchar(255), primary key (id))
Hibernate: alter table if exists departments drop constraint if exists UKj6cwks7xecs5jov19ro8ge3qk
2026-02-18T13:58:58.339Z  WARN 3400 --- [employee-record-system] [           main] o.h.engine.jdbc.spi.SqlExceptionHelper   : SQL Warning Code: 0, SQLState: 00000
2026-02-18T13:58:58.339Z  WARN 3400 --- [employee-record-system] [           main] o.h.engine.jdbc.spi.SqlExceptionHelper   : constraint "ukj6cwks7xecs5jov19ro8ge3qk" of relation "departments" does not exist, skipping
Hibernate: alter table if exists departments add constraint UKj6cwks7xecs5jov19ro8ge3qk unique (name)
Hibernate: alter table if exists employees drop constraint if exists UKj2dmgsma6pont6kf7nic9elpd
2026-02-18T13:58:58.344Z  WARN 3400 --- [employee-record-system] [           main] o.h.engine.jdbc.spi.SqlExceptionHelper   : SQL Warning Code: 0, SQLState: 00000
2026-02-18T13:58:58.344Z  WARN 3400 --- [employee-record-system] [           main] o.h.engine.jdbc.spi.SqlExceptionHelper   : constraint "ukj2dmgsma6pont6kf7nic9elpd" of relation "employees" does not exist, skipping
Hibernate: alter table if exists employees add constraint UKj2dmgsma6pont6kf7nic9elpd unique (user_id)
Hibernate: alter table if exists password_reset_token drop constraint if exists UKg0guo4k8krgpwuagos61oc06j
2026-02-18T13:58:58.349Z  WARN 3400 --- [employee-record-system] [           main] o.h.engine.jdbc.spi.SqlExceptionHelper   : SQL Warning Code: 0, SQLState: 00000
2026-02-18T13:58:58.349Z  WARN 3400 --- [employee-record-system] [           main] o.h.engine.jdbc.spi.SqlExceptionHelper   : constraint "ukg0guo4k8krgpwuagos61oc06j" of relation "password_reset_token" does not exist, skipping
Hibernate: alter table if exists password_reset_token add constraint UKg0guo4k8krgpwuagos61oc06j unique (token)
Hibernate: alter table if exists password_reset_token drop constraint if exists UKf90ivichjaokvmovxpnlm5nin
2026-02-18T13:58:58.354Z  WARN 3400 --- [employee-record-system] [           main] o.h.engine.jdbc.spi.SqlExceptionHelper   : SQL Warning Code: 0, SQLState: 00000
2026-02-18T13:58:58.354Z  WARN 3400 --- [employee-record-system] [           main] o.h.engine.jdbc.spi.SqlExceptionHelper   : constraint "ukf90ivichjaokvmovxpnlm5nin" of relation "password_reset_token" does not exist, skipping
Hibernate: alter table if exists password_reset_token add constraint UKf90ivichjaokvmovxpnlm5nin unique (user_id)
Hibernate: alter table if exists refresh_tokens drop constraint if exists UKghpmfn23vmxfu3spu3lfg4r2d
2026-02-18T13:58:58.358Z  WARN 3400 --- [employee-record-system] [           main] o.h.engine.jdbc.spi.SqlExceptionHelper   : SQL Warning Code: 0, SQLState: 00000
2026-02-18T13:58:58.359Z  WARN 3400 --- [employee-record-system] [           main] o.h.engine.jdbc.spi.SqlExceptionHelper   : constraint "ukghpmfn23vmxfu3spu3lfg4r2d" of relation "refresh_tokens" does not exist, skipping
Hibernate: alter table if exists refresh_tokens add constraint UKghpmfn23vmxfu3spu3lfg4r2d unique (token)
Hibernate: alter table if exists refresh_tokens drop constraint if exists UK7tdcd6ab5wsgoudnvj7xf1b7l
2026-02-18T13:58:58.363Z  WARN 3400 --- [employee-record-system] [           main] o.h.engine.jdbc.spi.SqlExceptionHelper   : SQL Warning Code: 0, SQLState: 00000
2026-02-18T13:58:58.363Z  WARN 3400 --- [employee-record-system] [           main] o.h.engine.jdbc.spi.SqlExceptionHelper   : constraint "uk7tdcd6ab5wsgoudnvj7xf1b7l" of relation "refresh_tokens" does not exist, skipping
Hibernate: alter table if exists refresh_tokens add constraint UK7tdcd6ab5wsgoudnvj7xf1b7l unique (user_id)
Hibernate: alter table if exists system_settings drop constraint if exists UKnm18l4pyovtvd8y3b3x0l2y64
2026-02-18T13:58:58.367Z  WARN 3400 --- [employee-record-system] [           main] o.h.engine.jdbc.spi.SqlExceptionHelper   : SQL Warning Code: 0, SQLState: 00000
2026-02-18T13:58:58.368Z  WARN 3400 --- [employee-record-system] [           main] o.h.engine.jdbc.spi.SqlExceptionHelper   : constraint "uknm18l4pyovtvd8y3b3x0l2y64" of relation "system_settings" does not exist, skipping
Hibernate: alter table if exists system_settings add constraint UKnm18l4pyovtvd8y3b3x0l2y64 unique (setting_key)
Hibernate: alter table if exists users drop constraint if exists UK6dotkott2kjsp8vw4d0m25fb7
2026-02-18T13:58:58.373Z  WARN 3400 --- [employee-record-system] [           main] o.h.engine.jdbc.spi.SqlExceptionHelper   : SQL Warning Code: 0, SQLState: 00000
2026-02-18T13:58:58.373Z  WARN 3400 --- [employee-record-system] [           main] o.h.engine.jdbc.spi.SqlExceptionHelper   : constraint "uk6dotkott2kjsp8vw4d0m25fb7" of relation "users" does not exist, skipping
Hibernate: alter table if exists users add constraint UK6dotkott2kjsp8vw4d0m25fb7 unique (email)
Hibernate: alter table if exists users drop constraint if exists UKr43af9ap4edm43mmtq01oddj6
2026-02-18T13:58:58.377Z  WARN 3400 --- [employee-record-system] [           main] o.h.engine.jdbc.spi.SqlExceptionHelper   : SQL Warning Code: 0, SQLState: 00000
2026-02-18T13:58:58.377Z  WARN 3400 --- [employee-record-system] [           main] o.h.engine.jdbc.spi.SqlExceptionHelper   : constraint "ukr43af9ap4edm43mmtq01oddj6" of relation "users" does not exist, skipping
Hibernate: alter table if exists users add constraint UKr43af9ap4edm43mmtq01oddj6 unique (username)
Hibernate: create sequence refresh_tokens_seq start with 1 increment by 50
Hibernate: alter table if exists attendance add constraint FKb48lmkou5j4rvde9sr88bqgjw foreign key (employee_id) references employees
Hibernate: alter table if exists employees add constraint FKgy4qe3dnqrm3ktd76sxp7n4c2 foreign key (department_id) references departments
Hibernate: alter table if exists employees add constraint FKi4365uo9af35g7jtbc2rteukt foreign key (manager_id) references employees
Hibernate: alter table if exists employees add constraint FK69x3vjuy1t5p18a5llb8h2fjx foreign key (user_id) references users
Hibernate: alter table if exists leave_balances add constraint FKmvepkwsegu6bt3ps5rfh1dx92 foreign key (employee_id) references employees
Hibernate: alter table if exists leave_requests add constraint FKjbbwxkm0urfei0eo02iv6x946 foreign key (approved_by) references users
Hibernate: alter table if exists leave_requests add constraint FKrxff2xg1kffbjfh5maxwoqyhw foreign key (employee_id) references employees
Hibernate: alter table if exists password_reset_token add constraint FK83nsrttkwkb6ym0anu051mtxn foreign key (user_id) references users
Hibernate: alter table if exists payments add constraint FKj94hgy9v5fw1munb90tar2eje foreign key (user_id) references users
Hibernate: alter table if exists payroll_records add constraint FKn5gkwhuhl0ars0bjwj2y7y7xt foreign key (employee_id) references employees
Hibernate: alter table if exists performance_goals add constraint FK7jmeunxtph8ljykxd2kyc3ay3 foreign key (employee_id) references employees
Hibernate: alter table if exists performance_reviews add constraint FK75f19q3rvitsw5bl5o3k0lirt foreign key (employee_id) references employees
Hibernate: alter table if exists performance_reviews add constraint FKner0gll1mre8xu0jcec7gqmk foreign key (reviewer_id) references users
Hibernate: alter table if exists refresh_tokens add constraint FK1lih5y2npsf8u5o3vhdb9y0os foreign key (user_id) references users
Hibernate: alter table if exists salary_records add constraint FKdglsilrqla44otqyp86elb7el foreign key (employee_id) references employees
2026-02-18T13:58:58.431Z  INFO 3400 --- [employee-record-system] [           main] j.LocalContainerEntityManagerFactoryBean : Initialized JPA EntityManagerFactory for persistence unit 'default'
2026-02-18T13:58:58.747Z  INFO 3400 --- [employee-record-system] [           main] o.s.d.j.r.query.QueryEnhancerFactory     : Hibernate is in classpath; If applicable, HQL parser will be used.
2026-02-18T13:58:59.396Z  INFO 3400 --- [employee-record-system] [           main] eAuthenticationProviderManagerConfigurer : Global AuthenticationManager configured with AuthenticationProvider bean with name authenticationProvider
2026-02-18T13:58:59.396Z  WARN 3400 --- [employee-record-system] [           main] r$InitializeUserDetailsManagerConfigurer : Global AuthenticationManager configured with an AuthenticationProvider bean. UserDetailsService beans will not be used by Spring Security for automatically configuring username/password login. Consider removing the AuthenticationProvider bean. Alternatively, consider using the UserDetailsService in a manually instantiated DaoAuthenticationProvider. If the current configuration is intentional, to turn off this warning, increase the logging level of 'org.springframework.security.config.annotation.authentication.configuration.InitializeUserDetailsBeanManagerConfigurer' to ERROR
2026-02-18T13:58:59.590Z  INFO 3400 --- [employee-record-system] [           main] org.mongodb.driver.client                : MongoClient with metadata {"driver": {"name": "mongo-java-driver|sync|spring-boot", "version": "5.5.2"}, "os": {"type": "Windows", "name": "Windows 11", "architecture": "amd64", "version": "10.0"}, "platform": "Java/Oracle Corporation/25.0.1+8-LTS-27"} created with settings MongoClientSettings{readPreference=primary, writeConcern=WriteConcern{w=null, wTimeout=null ms, journal=null}, retryWrites=true, retryReads=true, readConcern=ReadConcern{level=null}, credential=null, transportSettings=null, commandListeners=[], codecRegistry=ProvidersCodecRegistry{codecProviders=[ValueCodecProvider{}, BsonValueCodecProvider{}, DBRefCodecProvider{}, DBObjectCodecProvider{}, DocumentCodecProvider{}, CollectionCodecProvider{}, IterableCodecProvider{}, MapCodecProvider{}, GeoJsonCodecProvider{}, GridFSFileCodecProvider{}, Jsr310CodecProvider{}, JsonObjectCodecProvider{}, BsonCodecProvider{}, EnumCodecProvider{}, com.mongodb.client.model.mql.ExpressionCodecProvider@1050f49, com.mongodb.Jep395RecordCodecProvider@50233f7d, com.mongodb.KotlinCodecProvider@26ae37ed]}, loggerSettings=LoggerSettings{maxDocumentLength=1000}, clusterSettings={hosts=[127.0.0.1:27017], srvServiceName=mongodb, mode=SINGLE, requiredClusterType=UNKNOWN, requiredReplicaSetName='null', serverSelector='null', clusterListeners='[]', serverSelectionTimeout='30000 ms', localThreshold='15 ms'}, socketSettings=SocketSettings{connectTimeoutMS=10000, readTimeoutMS=0, receiveBufferSize=0, proxySettings=ProxySettings{host=null, port=null, username=null, password=null}}, heartbeatSocketSettings=SocketSettings{connectTimeoutMS=10000, readTimeoutMS=10000, receiveBufferSize=0, proxySettings=ProxySettings{host=null, port=null, username=null, password=null}}, connectionPoolSettings=ConnectionPoolSettings{maxSize=100, minSize=0, maxWaitTimeMS=120000, maxConnectionLifeTimeMS=0, maxConnectionIdleTimeMS=0, maintenanceInitialDelayMS=0, maintenanceFrequencyMS=60000, connectionPoolListeners=[], maxConnecting=2}, serverSettings=ServerSettings{heartbeatFrequencyMS=10000, minHeartbeatFrequencyMS=500, serverMonitoringMode=AUTO, serverListeners='[]', serverMonitorListeners='[]'}, sslSettings=SslSettings{enabled=false, invalidHostNameAllowed=false, context=null}, applicationName='null', compressorList=[], uuidRepresentation=JAVA_LEGACY, serverApi=null, autoEncryptionSettings=null, dnsClient=null, inetAddressResolver=null, contextProvider=null, timeoutMS=null}
2026-02-18T13:58:59.611Z  INFO 3400 --- [employee-record-system] [127.0.0.1:27017] org.mongodb.driver.cluster               : Monitor thread successfully connected to server with description ServerDescription{address=127.0.0.1:27017, type=STANDALONE, cryptd=false, state=CONNECTED, ok=true, minWireVersion=0, maxWireVersion=27, maxDocumentSize=16777216, logicalSessionTimeoutMinutes=30, roundTripTimeNanos=29587100, minRoundTripTimeNanos=0}
2026-02-18T13:58:59.986Z  WARN 3400 --- [employee-record-system] [           main] JpaBaseConfiguration$JpaWebConfiguration : spring.jpa.open-in-view is enabled by default. Therefore, database queries may be performed during view rendering. Explicitly configure spring.jpa.open-in-view to disable this warning
WARNING: A terminally deprecated method in sun.misc.Unsafe has been called
WARNING: sun.misc.Unsafe::allocateMemory has been called by io.netty.util.internal.PlatformDependent0$2 (file:/C:/Users/RATHAN/.m2/repository/io/netty/netty-common/4.1.130.Final/netty-common-4.1.130.Final.jar)
WARNING: Please consider reporting this to the maintainers of class io.netty.util.internal.PlatformDependent0$2
WARNING: sun.misc.Unsafe::allocateMemory will be removed in a future release
2026-02-18T13:59:00.900Z  INFO 3400 --- [employee-record-system] [           main] o.s.b.w.embedded.tomcat.TomcatWebServer  : Tomcat started on port 8081 (http) with context path '/'
2026-02-18T13:59:00.907Z  INFO 3400 --- [employee-record-system] [           main] c.s.e.EmployeeRecordSystemApplication    : Started EmployeeRecordSystemApplication in 6.005 seconds (process running for 6.245)
2026-02-18T13:59:15.712Z  INFO 3400 --- [employee-record-system] [nio-8081-exec-1] o.a.c.c.C.[Tomcat].[localhost].[/]       : Initializing Spring DispatcherServlet 'dispatcherServlet'
2026-02-18T13:59:15.713Z  INFO 3400 --- [employee-record-system] [nio-8081-exec-1] o.s.web.servlet.DispatcherServlet        : Initializing Servlet 'dispatcherServlet'
2026-02-18T13:59:15.714Z  INFO 3400 --- [employee-record-system] [nio-8081-exec-1] o.s.web.servlet.DispatcherServlet        : Completed initialization in 1 ms
